<?xml version="1.0" encoding="UTF-8"?>
<!-- Generated by org.testng.reporters.JUnitReportReporter -->
<testsuite hostname="LAPTOP-83K3QJ4L" failures="0" tests="1" name="testcases.DVRIPaddtest" time="67.668" errors="0" timestamp="24 Oct 2021 07:24:26 GMT" skipped="0">
  <testcase classname="testcases.DVRIPaddtest" name="dvrad" time="67.668"/>
</testsuite> <!-- testcases.DVRIPaddtest -->
