<?xml version="1.0" encoding="UTF-8"?>
<!-- Generated by org.testng.reporters.JUnitReportReporter -->
<testsuite hostname="LAPTOP-83K3QJ4L" failures="0" tests="1" name="testcases.DashboardTest" time="42.241" errors="0" timestamp="24 Oct 2021 07:24:27 GMT" skipped="0">
  <testcase classname="testcases.DashboardTest" name="dashboard" time="42.241"/>
</testsuite> <!-- testcases.DashboardTest -->
