<?xml version="1.0" encoding="UTF-8"?>
<!-- Generated by org.testng.reporters.JUnitReportReporter -->
<testsuite hostname="LAPTOP-83K3QJ4L" failures="0" tests="2" name="testcases.Homepagetest" time="71.877" errors="0" timestamp="27 Oct 2021 17:54:07 GMT" skipped="1">
  <testcase classname="testcases.Homepagetest" name="Available_OPtions" time="71.877"/>
  <testcase classname="testcases.Homepagetest" name="logoprsent">
    <skipped/>
  </testcase> <!-- logoprsent -->
</testsuite> <!-- testcases.Homepagetest -->
