<?xml version="1.0" encoding="UTF-8"?>
<!-- Generated by org.testng.reporters.JUnitReportReporter -->
<testsuite hostname="LAPTOP-83K3QJ4L" failures="0" tests="4" name="LoginTest" time="271.081" errors="0" timestamp="26 Sep 2021 09:18:07 GMT" skipped="0">
  <testcase classname="LoginTest" name="loginPageTitleTest" time="82.538"/>
  <testcase classname="LoginTest" name="verifylogo" time="16.326"/>
  <testcase classname="LoginTest" name="loginTest" time="84.335"/>
  <testcase classname="LoginTest" name="loginfailed" time="87.882"/>
</testsuite> <!-- LoginTest -->
